2010-09-30 06:45:04 Warning: Warning (512): <span style="color:Red;text-align:left"><b>SQL Error:</b> 1054: Unknown column 'CheckupsMedicine.name' in 'field list'</span> in [/home/akeda/www/poliklinik/cake/libs/model/datasources/dbo_source.php, line 681]
2010-09-30 06:45:04 Warning: Warning (2): Invalid argument supplied for foreach() in [/home/akeda/www/poliklinik/cake/libs/model/datasources/dbo_source.php, line 1091]
2010-10-01 08:49:33 Warning: Warning (512): Model "Checkup" is not associated with model "User" in [/home/akeda/www/poliklinik/cake/libs/model/behaviors/containable.php, line 363]
2010-10-04 10:14:14 Warning: Warning (512): <span style="color:Red;text-align:left"><b>SQL Error:</b> 1054: Unknown column 'Medicine.id' in 'where clause'</span> in [/home/akeda/www/poliklinik/cake/libs/model/datasources/dbo_source.php, line 681]
2010-10-04 10:14:14 Warning: Warning (2): Invalid argument supplied for foreach() in [/home/akeda/www/poliklinik/cake/libs/model/datasources/dbo_source.php, line 1091]
2010-10-04 10:28:29 Warning: Warning (2): Invalid argument supplied for foreach() in [/home/akeda/www/poliklinik/cake/libs/model/model.php, line 574]
2010-10-04 10:28:37 Warning: Warning (2): Invalid argument supplied for foreach() in [/home/akeda/www/poliklinik/cake/libs/model/model.php, line 578]
2010-10-07 11:56:51 Warning: Warning (512): Model "Checkup" is not associated with model "fields" in [/home/akeda/www/poliklinik/cake/libs/model/behaviors/containable.php, line 363]
2010-10-07 11:57:39 Warning: Warning (512): <span style="color:Red;text-align:left"><b>SQL Error:</b> 1054: Unknown column 'PatientType.name' in 'field list'</span> in [/home/akeda/www/poliklinik/cake/libs/model/datasources/dbo_source.php, line 681]
2010-10-07 11:57:49 Warning: Warning (512): <span style="color:Red;text-align:left"><b>SQL Error:</b> 1054: Unknown column 'PatientType.name' in 'field list'</span> in [/home/akeda/www/poliklinik/cake/libs/model/datasources/dbo_source.php, line 681]
2010-10-07 11:59:22 Warning: Warning (512): <span style="color:Red;text-align:left"><b>SQL Error:</b> 1054: Unknown column 'Patient.PatientType' in 'field list'</span> in [/home/akeda/www/poliklinik/cake/libs/model/datasources/dbo_source.php, line 681]
2010-10-07 11:59:26 Warning: Warning (512): <span style="color:Red;text-align:left"><b>SQL Error:</b> 1054: Unknown column 'Patient.PatientType' in 'field list'</span> in [/home/akeda/www/poliklinik/cake/libs/model/datasources/dbo_source.php, line 681]
2010-10-07 11:59:37 Warning: Warning (512): <span style="color:Red;text-align:left"><b>SQL Error:</b> 1054: Unknown column 'Patient.PatientType' in 'field list'</span> in [/home/akeda/www/poliklinik/cake/libs/model/datasources/dbo_source.php, line 681]
2010-10-07 12:00:24 Warning: Warning (512): <span style="color:Red;text-align:left"><b>SQL Error:</b> 1054: Unknown column 'Patient.PatientType' in 'field list'</span> in [/home/akeda/www/poliklinik/cake/libs/model/datasources/dbo_source.php, line 681]
2010-10-07 12:00:28 Warning: Warning (512): <span style="color:Red;text-align:left"><b>SQL Error:</b> 1054: Unknown column 'Patient.PatientType' in 'field list'</span> in [/home/akeda/www/poliklinik/cake/libs/model/datasources/dbo_source.php, line 681]
2010-10-07 12:00:29 Warning: Warning (512): <span style="color:Red;text-align:left"><b>SQL Error:</b> 1054: Unknown column 'Patient.PatientType' in 'field list'</span> in [/home/akeda/www/poliklinik/cake/libs/model/datasources/dbo_source.php, line 681]
2010-10-07 12:00:30 Warning: Warning (512): <span style="color:Red;text-align:left"><b>SQL Error:</b> 1054: Unknown column 'Patient.PatientType' in 'field list'</span> in [/home/akeda/www/poliklinik/cake/libs/model/datasources/dbo_source.php, line 681]
2010-10-07 12:00:31 Warning: Warning (512): <span style="color:Red;text-align:left"><b>SQL Error:</b> 1054: Unknown column 'Patient.PatientType' in 'field list'</span> in [/home/akeda/www/poliklinik/cake/libs/model/datasources/dbo_source.php, line 681]
2010-10-07 12:00:31 Warning: Warning (512): <span style="color:Red;text-align:left"><b>SQL Error:</b> 1054: Unknown column 'Patient.PatientType' in 'field list'</span> in [/home/akeda/www/poliklinik/cake/libs/model/datasources/dbo_source.php, line 681]
2010-10-07 12:02:30 Warning: Warning (512): Model "Checkup" is not associated with model "Checkup" in [/home/akeda/www/poliklinik/cake/libs/model/behaviors/containable.php, line 363]
2010-10-07 12:02:53 Warning: Warning (512): Model "Checkup" is not associated with model "fields" in [/home/akeda/www/poliklinik/cake/libs/model/behaviors/containable.php, line 363]
2010-10-07 12:06:34 Warning: Warning (2): Division by zero in [/home/akeda/www/poliklinik/app/views/checkups/report_patients.ctp, line 20]
2010-10-07 12:10:46 Warning: Warning (2): Division by zero in [/home/akeda/www/poliklinik/app/views/checkups/report_patients.ctp, line 20]
