2010-09-30 06:45:04 Warning: Warning (512): <span style="color:Red;text-align:left"><b>SQL Error:</b> 1054: Unknown column 'CheckupsMedicine.name' in 'field list'</span> in [/home/akeda/www/poliklinik/cake/libs/model/datasources/dbo_source.php, line 681]
2010-09-30 06:45:04 Warning: Warning (2): Invalid argument supplied for foreach() in [/home/akeda/www/poliklinik/cake/libs/model/datasources/dbo_source.php, line 1091]
2010-10-01 08:49:33 Warning: Warning (512): Model "Checkup" is not associated with model "User" in [/home/akeda/www/poliklinik/cake/libs/model/behaviors/containable.php, line 363]
2010-10-04 10:14:14 Warning: Warning (512): <span style="color:Red;text-align:left"><b>SQL Error:</b> 1054: Unknown column 'Medicine.id' in 'where clause'</span> in [/home/akeda/www/poliklinik/cake/libs/model/datasources/dbo_source.php, line 681]
2010-10-04 10:14:14 Warning: Warning (2): Invalid argument supplied for foreach() in [/home/akeda/www/poliklinik/cake/libs/model/datasources/dbo_source.php, line 1091]
2010-10-04 10:28:29 Warning: Warning (2): Invalid argument supplied for foreach() in [/home/akeda/www/poliklinik/cake/libs/model/model.php, line 574]
2010-10-04 10:28:37 Warning: Warning (2): Invalid argument supplied for foreach() in [/home/akeda/www/poliklinik/cake/libs/model/model.php, line 578]
2010-10-07 11:56:51 Warning: Warning (512): Model "Checkup" is not associated with model "fields" in [/home/akeda/www/poliklinik/cake/libs/model/behaviors/containable.php, line 363]
2010-10-07 11:57:39 Warning: Warning (512): <span style="color:Red;text-align:left"><b>SQL Error:</b> 1054: Unknown column 'PatientType.name' in 'field list'</span> in [/home/akeda/www/poliklinik/cake/libs/model/datasources/dbo_source.php, line 681]
2010-10-07 11:57:49 Warning: Warning (512): <span style="color:Red;text-align:left"><b>SQL Error:</b> 1054: Unknown column 'PatientType.name' in 'field list'</span> in [/home/akeda/www/poliklinik/cake/libs/model/datasources/dbo_source.php, line 681]
2010-10-07 11:59:22 Warning: Warning (512): <span style="color:Red;text-align:left"><b>SQL Error:</b> 1054: Unknown column 'Patient.PatientType' in 'field list'</span> in [/home/akeda/www/poliklinik/cake/libs/model/datasources/dbo_source.php, line 681]
2010-10-07 11:59:26 Warning: Warning (512): <span style="color:Red;text-align:left"><b>SQL Error:</b> 1054: Unknown column 'Patient.PatientType' in 'field list'</span> in [/home/akeda/www/poliklinik/cake/libs/model/datasources/dbo_source.php, line 681]
2010-10-07 11:59:37 Warning: Warning (512): <span style="color:Red;text-align:left"><b>SQL Error:</b> 1054: Unknown column 'Patient.PatientType' in 'field list'</span> in [/home/akeda/www/poliklinik/cake/libs/model/datasources/dbo_source.php, line 681]
2010-10-07 12:00:24 Warning: Warning (512): <span style="color:Red;text-align:left"><b>SQL Error:</b> 1054: Unknown column 'Patient.PatientType' in 'field list'</span> in [/home/akeda/www/poliklinik/cake/libs/model/datasources/dbo_source.php, line 681]
2010-10-07 12:00:28 Warning: Warning (512): <span style="color:Red;text-align:left"><b>SQL Error:</b> 1054: Unknown column 'Patient.PatientType' in 'field list'</span> in [/home/akeda/www/poliklinik/cake/libs/model/datasources/dbo_source.php, line 681]
2010-10-07 12:00:29 Warning: Warning (512): <span style="color:Red;text-align:left"><b>SQL Error:</b> 1054: Unknown column 'Patient.PatientType' in 'field list'</span> in [/home/akeda/www/poliklinik/cake/libs/model/datasources/dbo_source.php, line 681]
2010-10-07 12:00:30 Warning: Warning (512): <span style="color:Red;text-align:left"><b>SQL Error:</b> 1054: Unknown column 'Patient.PatientType' in 'field list'</span> in [/home/akeda/www/poliklinik/cake/libs/model/datasources/dbo_source.php, line 681]
2010-10-07 12:00:31 Warning: Warning (512): <span style="color:Red;text-align:left"><b>SQL Error:</b> 1054: Unknown column 'Patient.PatientType' in 'field list'</span> in [/home/akeda/www/poliklinik/cake/libs/model/datasources/dbo_source.php, line 681]
2010-10-07 12:00:31 Warning: Warning (512): <span style="color:Red;text-align:left"><b>SQL Error:</b> 1054: Unknown column 'Patient.PatientType' in 'field list'</span> in [/home/akeda/www/poliklinik/cake/libs/model/datasources/dbo_source.php, line 681]
2010-10-07 12:02:30 Warning: Warning (512): Model "Checkup" is not associated with model "Checkup" in [/home/akeda/www/poliklinik/cake/libs/model/behaviors/containable.php, line 363]
2010-10-07 12:02:53 Warning: Warning (512): Model "Checkup" is not associated with model "fields" in [/home/akeda/www/poliklinik/cake/libs/model/behaviors/containable.php, line 363]
2010-10-07 12:06:34 Warning: Warning (2): Division by zero in [/home/akeda/www/poliklinik/app/views/checkups/report_patients.ctp, line 20]
2010-10-07 12:10:46 Warning: Warning (2): Division by zero in [/home/akeda/www/poliklinik/app/views/checkups/report_patients.ctp, line 20]
2010-10-11 15:14:33 Warning: Warning (512): <span style="color:Red;text-align:left"><b>SQL Error:</b> 1064: You have an error in your SQL syntax; check the manual that corresponds to your MySQL server version for the right syntax to use near 'getTotalExt' at line 1</span> in [/home/akeda/www/poliklinik/cake/libs/model/datasources/dbo_source.php, line 681]
2010-10-11 15:15:50 Warning: Warning (512): <span style="color:Red;text-align:left"><b>SQL Error:</b> 1064: You have an error in your SQL syntax; check the manual that corresponds to your MySQL server version for the right syntax to use near 'getTotalExt' at line 1</span> in [/home/akeda/www/poliklinik/cake/libs/model/datasources/dbo_source.php, line 681]
2010-10-11 15:18:57 Warning: Warning (512): <span style="color:Red;text-align:left"><b>SQL Error:</b> 1054: Unknown column 'MedicineIn.checkup_date' in 'where clause'</span> in [/home/akeda/www/poliklinik/cake/libs/model/datasources/dbo_source.php, line 681]
2010-10-11 19:55:24 Warning: Warning (512): <span style="color:Red;text-align:left"><b>SQL Error:</b> 1054: Unknown column 'CheckupsMedicine.checkup_date' in 'order clause'</span> in [/home/akeda/www/poliklinik/cake/libs/model/datasources/dbo_source.php, line 681]
2010-10-11 20:26:10 Warning: Warning (512): <span style="color:Red;text-align:left"><b>SQL Error:</b> 1054: Unknown column 'CheckupsMedicine.medicine_id' in 'where clause'</span> in [/home/akeda/www/poliklinik/cake/libs/model/datasources/dbo_source.php, line 681]
2010-10-11 20:26:10 Warning: Warning (2): Invalid argument supplied for foreach() in [/home/akeda/www/poliklinik/app/controllers/checkups_controller.php, line 604]
2010-10-11 20:26:10 Warning: Warning (2): Invalid argument supplied for foreach() in [/home/akeda/www/poliklinik/app/controllers/checkups_controller.php, line 524]
2010-10-11 20:26:10 Warning: Warning (2): Invalid argument supplied for foreach() in [/home/akeda/www/poliklinik/app/controllers/checkups_controller.php, line 547]
2010-10-11 20:26:22 Warning: Warning (512): <span style="color:Red;text-align:left"><b>SQL Error:</b> 1054: Unknown column 'CheckupsMedicine.medicine_id' in 'where clause'</span> in [/home/akeda/www/poliklinik/cake/libs/model/datasources/dbo_source.php, line 681]
2010-10-11 20:26:22 Warning: Warning (2): Invalid argument supplied for foreach() in [/home/akeda/www/poliklinik/app/controllers/checkups_controller.php, line 604]
2010-10-11 20:26:22 Warning: Warning (2): Invalid argument supplied for foreach() in [/home/akeda/www/poliklinik/app/controllers/checkups_controller.php, line 524]
2010-10-11 20:26:22 Warning: Warning (2): Invalid argument supplied for foreach() in [/home/akeda/www/poliklinik/app/controllers/checkups_controller.php, line 547]
2010-10-11 20:27:19 Warning: Warning (512): <span style="color:Red;text-align:left"><b>SQL Error:</b> 1054: Unknown column 'CheckupsMedicine.medicine_id' in 'where clause'</span> in [/home/akeda/www/poliklinik/cake/libs/model/datasources/dbo_source.php, line 681]
2010-10-11 20:27:19 Warning: Warning (2): Invalid argument supplied for foreach() in [/home/akeda/www/poliklinik/app/controllers/checkups_controller.php, line 604]
2010-10-11 20:27:19 Warning: Warning (2): Invalid argument supplied for foreach() in [/home/akeda/www/poliklinik/app/controllers/checkups_controller.php, line 524]
2010-10-11 20:27:19 Warning: Warning (2): Invalid argument supplied for foreach() in [/home/akeda/www/poliklinik/app/controllers/checkups_controller.php, line 547]
2010-10-11 20:27:27 Warning: Warning (512): <span style="color:Red;text-align:left"><b>SQL Error:</b> 1054: Unknown column 'CheckupsMedicine.medicine_id' in 'where clause'</span> in [/home/akeda/www/poliklinik/cake/libs/model/datasources/dbo_source.php, line 681]
2010-10-11 20:27:27 Warning: Warning (2): Invalid argument supplied for foreach() in [/home/akeda/www/poliklinik/app/controllers/checkups_controller.php, line 604]
2010-10-11 20:27:27 Warning: Warning (2): Invalid argument supplied for foreach() in [/home/akeda/www/poliklinik/app/controllers/checkups_controller.php, line 524]
2010-10-11 20:27:27 Warning: Warning (2): Invalid argument supplied for foreach() in [/home/akeda/www/poliklinik/app/controllers/checkups_controller.php, line 547]
2010-10-11 20:27:51 Warning: Warning (512): <span style="color:Red;text-align:left"><b>SQL Error:</b> 1054: Unknown column 'CheckupsMedicine.medicine_id' in 'where clause'</span> in [/home/akeda/www/poliklinik/cake/libs/model/datasources/dbo_source.php, line 681]
2010-10-11 20:27:51 Warning: Warning (2): Invalid argument supplied for foreach() in [/home/akeda/www/poliklinik/app/controllers/checkups_controller.php, line 603]
2010-10-11 20:27:51 Warning: Warning (2): Invalid argument supplied for foreach() in [/home/akeda/www/poliklinik/app/controllers/checkups_controller.php, line 524]
2010-10-11 20:27:51 Warning: Warning (2): Invalid argument supplied for foreach() in [/home/akeda/www/poliklinik/app/controllers/checkups_controller.php, line 547]
2010-10-11 20:28:28 Warning: Warning (512): <span style="color:Red;text-align:left"><b>SQL Error:</b> 1054: Unknown column 'CheckupsMedicine.medicine_id' in 'where clause'</span> in [/home/akeda/www/poliklinik/cake/libs/model/datasources/dbo_source.php, line 681]
2010-10-11 20:28:28 Warning: Warning (2): Invalid argument supplied for foreach() in [/home/akeda/www/poliklinik/app/controllers/checkups_controller.php, line 604]
2010-10-11 20:28:28 Warning: Warning (2): Invalid argument supplied for foreach() in [/home/akeda/www/poliklinik/app/controllers/checkups_controller.php, line 524]
2010-10-11 20:28:28 Warning: Warning (2): Invalid argument supplied for foreach() in [/home/akeda/www/poliklinik/app/controllers/checkups_controller.php, line 547]
2010-10-11 20:28:35 Warning: Warning (512): <span style="color:Red;text-align:left"><b>SQL Error:</b> 1054: Unknown column 'CheckupsMedicine.medicine_id' in 'where clause'</span> in [/home/akeda/www/poliklinik/cake/libs/model/datasources/dbo_source.php, line 681]
2010-10-11 20:28:35 Warning: Warning (2): Invalid argument supplied for foreach() in [/home/akeda/www/poliklinik/app/controllers/checkups_controller.php, line 604]
2010-10-11 20:28:35 Warning: Warning (2): Invalid argument supplied for foreach() in [/home/akeda/www/poliklinik/app/controllers/checkups_controller.php, line 524]
2010-10-11 20:28:35 Warning: Warning (2): Invalid argument supplied for foreach() in [/home/akeda/www/poliklinik/app/controllers/checkups_controller.php, line 547]
2010-10-11 20:29:13 Warning: Warning (512): <span style="color:Red;text-align:left"><b>SQL Error:</b> 1054: Unknown column 'CheckupsMedicine.medicine_id' in 'where clause'</span> in [/home/akeda/www/poliklinik/cake/libs/model/datasources/dbo_source.php, line 681]
2010-10-11 20:29:13 Warning: Warning (2): Invalid argument supplied for foreach() in [/home/akeda/www/poliklinik/app/controllers/checkups_controller.php, line 601]
2010-10-11 20:29:13 Warning: Warning (2): Invalid argument supplied for foreach() in [/home/akeda/www/poliklinik/app/controllers/checkups_controller.php, line 524]
2010-10-11 20:29:13 Warning: Warning (2): Invalid argument supplied for foreach() in [/home/akeda/www/poliklinik/app/controllers/checkups_controller.php, line 547]
2010-10-11 22:13:38 Warning: Warning (2): Invalid argument supplied for foreach() in [/home/akeda/www/poliklinik/app/controllers/checkups_controller.php, line 584]
2010-10-11 22:14:20 Warning: Warning (2): Invalid argument supplied for foreach() in [/home/akeda/www/poliklinik/app/controllers/checkups_controller.php, line 585]
2010-10-11 22:15:37 Warning: Warning (512): <span style="color:Red;text-align:left"><b>SQL Error:</b> 1054: Unknown column 'Item.name' in 'order clause'</span> in [/home/akeda/www/poliklinik/cake/libs/model/datasources/dbo_source.php, line 681]
2010-10-11 22:15:37 Warning: Warning (2): Invalid argument supplied for foreach() in [/home/akeda/www/poliklinik/app/controllers/checkups_controller.php, line 587]
2010-10-11 22:15:58 Warning: Warning (2): Missing argument 2 for CheckupsController::__getStockOutExt(), called in /home/akeda/www/poliklinik/app/controllers/checkups_controller.php on line 616 and defined in [/home/akeda/www/poliklinik/app/controllers/checkups_controller.php, line 626]
2010-10-11 22:15:58 Warning: Warning (2): Missing argument 3 for CheckupsController::__getStockOutExt(), called in /home/akeda/www/poliklinik/app/controllers/checkups_controller.php on line 616 and defined in [/home/akeda/www/poliklinik/app/controllers/checkups_controller.php, line 626]
2010-10-12 11:46:10 Warning: Warning (2): Cannot modify header information - headers already sent by (output started at /home/akeda/www/poliklinik/cake/libs/debugger.php:673) in [/home/akeda/www/poliklinik/cake/libs/controller/controller.php, line 746]
2010-10-14 11:49:59 Warning: Warning (2): Invalid argument supplied for foreach() in [/home/akeda/www/poliklinik/app/views/checkups/view_zero_stocks.ctp, line 77]
